2024-06-27 17:23:09 [main] INFO  com.core.util.FnTraceWrap - com.core.dynamicDAL.DynamicDataLayer.<init> - Begin (Security)
2024-06-27 17:23:09 [main] INFO  com.core.util.FnTraceWrap - com.core.dynamicDAL.MetaQueryManager.getInstance - Begin ()
2024-06-27 17:23:09 [main] INFO  com.core.util.FnTraceWrap - com.core.dynamicDAL.MetaQueryManager.getInstance - End - Execution Time: 0 ms
2024-06-27 17:23:09 [main] INFO  com.core.util.FnTraceWrap - com.core.dynamicDAL.DynamicDataLayer.<init> - End - Execution Time: 98 ms
2024-06-27 17:23:09 [main] INFO  com.core.util.FnTraceWrap - com.core.dynamicDAL.DynamicDataLayer.<init> - Begin (Security)
2024-06-27 17:23:09 [main] INFO  com.core.util.FnTraceWrap - com.core.dynamicDAL.MetaQueryManager.getInstance - Begin ()
2024-06-27 17:23:09 [main] INFO  com.core.util.FnTraceWrap - com.core.dynamicDAL.MetaQueryManager.getInstance - End - Execution Time: 0 ms
2024-06-27 17:23:09 [main] INFO  com.core.util.FnTraceWrap - com.core.dynamicDAL.DynamicDataLayer.<init> - End - Execution Time: 1 ms
2024-06-27 17:24:43 [main] INFO  com.core.util.FnTraceWrap - com.core.dynamicDAL.DynamicDataLayer.<init> - Begin (Security)
2024-06-27 17:24:43 [main] INFO  com.core.util.FnTraceWrap - com.core.dynamicDAL.MetaQueryManager.getInstance - Begin ()
2024-06-27 17:24:43 [main] INFO  com.core.util.FnTraceWrap - com.core.dynamicDAL.MetaQueryManager.getInstance - End - Execution Time: 1 ms
2024-06-27 17:24:43 [main] INFO  com.core.util.FnTraceWrap - com.core.dynamicDAL.DynamicDataLayer.<init> - End - Execution Time: 15 ms
2024-06-27 17:24:48 [main] INFO  com.core.util.FnTraceWrap - com.core.dynamicDAL.DynamicDataLayer.<init> - Begin (Security)
2024-06-27 17:24:48 [main] INFO  com.core.util.FnTraceWrap - com.core.dynamicDAL.MetaQueryManager.getInstance - Begin ()
2024-06-27 17:24:48 [main] INFO  com.core.util.FnTraceWrap - com.core.dynamicDAL.MetaQueryManager.getInstance - End - Execution Time: 0 ms
2024-06-27 17:24:48 [main] INFO  com.core.util.FnTraceWrap - com.core.dynamicDAL.DynamicDataLayer.<init> - End - Execution Time: 1 ms
2024-06-27 17:25:03 [main] INFO  com.core.util.FnTraceWrap - com.core.dynamicDAL.DynamicDataLayer.<init> - Begin (Security)
2024-06-27 17:25:03 [main] INFO  com.core.util.FnTraceWrap - com.core.dynamicDAL.MetaQueryManager.getInstance - Begin ()
2024-06-27 17:25:03 [main] INFO  com.core.util.FnTraceWrap - com.core.dynamicDAL.MetaQueryManager.getInstance - End - Execution Time: 0 ms
2024-06-27 17:25:03 [main] INFO  com.core.util.FnTraceWrap - com.core.dynamicDAL.DynamicDataLayer.<init> - End - Execution Time: 13 ms
2024-06-27 17:25:10 [main] INFO  com.core.util.FnTraceWrap - com.core.dynamicDAL.DynamicDataLayer.<init> - Begin (Security)
2024-06-27 17:25:10 [main] INFO  com.core.util.FnTraceWrap - com.core.dynamicDAL.MetaQueryManager.getInstance - Begin ()
2024-06-27 17:25:10 [main] INFO  com.core.util.FnTraceWrap - com.core.dynamicDAL.MetaQueryManager.getInstance - End - Execution Time: 1 ms
2024-06-27 17:25:10 [main] INFO  com.core.util.FnTraceWrap - com.core.dynamicDAL.DynamicDataLayer.<init> - End - Execution Time: 3 ms
2024-06-27 17:26:15 [main] INFO  com.core.util.FnTraceWrap - com.core.dynamicDAL.DynamicDataLayer.<init> - Begin (Security)
2024-06-27 17:26:15 [main] INFO  com.core.util.FnTraceWrap - com.core.dynamicDAL.MetaQueryManager.getInstance - Begin ()
2024-06-27 17:26:15 [main] INFO  com.core.util.FnTraceWrap - com.core.dynamicDAL.MetaQueryManager.getInstance - End - Execution Time: 1 ms
2024-06-27 17:26:15 [main] INFO  com.core.util.FnTraceWrap - com.core.dynamicDAL.DynamicDataLayer.<init> - End - Execution Time: 27 ms
2024-06-27 17:26:43 [main] INFO  com.core.util.FnTraceWrap - com.core.dynamicDAL.DynamicDataLayer.<init> - Begin (Security)
2024-06-27 17:26:43 [main] INFO  com.core.util.FnTraceWrap - com.core.dynamicDAL.MetaQueryManager.getInstance - Begin ()
2024-06-27 17:26:43 [main] INFO  com.core.util.FnTraceWrap - com.dilizity.dynamicDAL.MetaQueryManager.getInstance - End - Execution Time: 1 ms
2024-06-27 17:26:43 [main] INFO  com.core.util.FnTraceWrap - com.core.dynamicDAL.DynamicDataLayer.<init> - End - Execution Time: 41 ms
2024-06-27 17:28:38 [main] INFO  com.core.util.FnTraceWrap - com.core.dynamicDAL.DynamicDataLayer.<init> - Begin (Security)
2024-06-27 17:28:38 [main] INFO  com.core.util.FnTraceWrap - com.core.dynamicDAL.MetaQueryManager.getInstance - Begin ()
2024-06-27 17:28:38 [main] INFO  com.core.util.FnTraceWrap - com.core.dynamicDAL.MetaQueryManager.getInstance - End - Execution Time: 1 ms
2024-06-27 17:28:38 [main] INFO  com.core.util.FnTraceWrap - com.core.dynamicDAL.DynamicDataLayer.<init> - End - Execution Time: 23 ms
2024-06-27 17:28:38 [main] INFO  com.core.util.FnTraceWrap - com.core.dynamicDAL.DynamicDataLayer.<init> - Begin (Security)
2024-06-27 17:28:38 [main] INFO  com.core.util.FnTraceWrap - com.core.dynamicDAL.MetaQueryManager.getInstance - Begin ()
2024-06-27 17:28:38 [main] INFO  com.core.util.FnTraceWrap - com.core.dynamicDAL.MetaQueryManager.getInstance - End - Execution Time: 0 ms
2024-06-27 17:28:38 [main] INFO  com.core.util.FnTraceWrap - com.core.dynamicDAL.DynamicDataLayer.<init> - End - Execution Time: 1 ms
2024-06-27 17:28:58 [main] INFO  com.core.util.FnTraceWrap - com.core.dynamicDAL.DynamicDataLayer.<init> - Begin (Security)
2024-06-27 17:28:58 [main] INFO  com.core.util.FnTraceWrap - com.core.dynamicDAL.MetaQueryManager.getInstance - Begin ()
2024-06-27 17:28:58 [main] INFO  com.core.util.FnTraceWrap - com.core.dynamicDAL.MetaQueryManager.getInstance - End - Execution Time: 1 ms
2024-06-27 17:28:58 [main] INFO  com.core.util.FnTraceWrap - com.core.dynamicDAL.DynamicDataLayer.<init> - End - Execution Time: 24 ms
2024-06-27 17:28:58 [main] INFO  com.core.util.FnTraceWrap - com.core.dynamicDAL.DynamicDataLayer.<init> - Begin (Security)
2024-06-27 17:28:58 [main] INFO  com.core.util.FnTraceWrap - com.core.dynamicDAL.MetaQueryManager.getInstance - Begin ()
2024-06-27 17:28:58 [main] INFO  com.core.util.FnTraceWrap - com.core.dynamicDAL.MetaQueryManager.getInstance - End - Execution Time: 0 ms
2024-06-27 17:28:58 [main] INFO  com.core.util.FnTraceWrap - com.core.dynamicDAL.DynamicDataLayer.<init> - End - Execution Time: 0 ms
2024-06-27 17:29:24 [main] INFO  com.core.util.FnTraceWrap - com.core.dynamicDAL.DynamicDataLayer.<init> - Begin (Security)
2024-06-27 17:29:24 [main] INFO  com.core.util.FnTraceWrap - com.core.dynamicDAL.MetaQueryManager.getInstance - Begin ()
2024-06-27 17:29:24 [main] INFO  com.core.util.FnTraceWrap - com.core.dynamicDAL.MetaQueryManager.getInstance - End - Execution Time: 1 ms
2024-06-27 17:29:24 [main] INFO  com.core.util.FnTraceWrap - com.core.dynamicDAL.DynamicDataLayer.<init> - End - Execution Time: 24 ms
2024-06-27 17:29:28 [main] INFO  com.core.util.FnTraceWrap - com.core.dynamicDAL.DynamicDataLayer.<init> - Begin (Security)
2024-06-27 17:29:28 [main] INFO  com.core.util.FnTraceWrap - com.core.dynamicDAL.MetaQueryManager.getInstance - Begin ()
2024-06-27 17:29:28 [main] INFO  com.core.util.FnTraceWrap - com.core.dynamicDAL.MetaQueryManager.getInstance - End - Execution Time: 0 ms
2024-06-27 17:29:28 [main] INFO  com.core.util.FnTraceWrap - com.core.dynamicDAL.DynamicDataLayer.<init> - End - Execution Time: 2 ms
2024-06-27 17:29:48 [main] INFO  com.core.util.FnTraceWrap - com.core.dynamicDAL.DynamicDataLayer.<init> - Begin (Security)
2024-06-27 17:29:54 [main] INFO  com.core.util.FnTraceWrap - com.core.dynamicDAL.MetaQueryManager.getInstance - Begin ()
2024-06-27 17:29:54 [main] INFO  com.core.util.FnTraceWrap - com.core.dynamicDAL.MetaQueryManager.getInstance - End - Execution Time: 1 ms
2024-06-27 17:30:05 [main] INFO  com.core.util.FnTraceWrap - com.core.dynamicDAL.DynamicDataLayer.<init> - End - Execution Time: 16264 ms
2024-06-27 17:30:05 [main] INFO  com.core.util.FnTraceWrap - com.core.dynamicDAL.DynamicDataLayer.<init> - Begin (Security)
2024-06-27 17:30:05 [main] INFO  com.core.util.FnTraceWrap - com.core.dynamicDAL.MetaQueryManager.getInstance - Begin ()
2024-06-27 17:30:05 [main] INFO  com.core.util.FnTraceWrap - com.core.dynamicDAL.MetaQueryManager.getInstance - End - Execution Time: 1 ms
2024-06-27 17:30:05 [main] INFO  com.core.util.FnTraceWrap - com.core.dynamicDAL.DynamicDataLayer.<init> - End - Execution Time: 1 ms
2024-06-27 17:30:52 [main] INFO  com.core.util.FnTraceWrap - com.core.dynamicDAL.DynamicDataLayer.<init> - Begin (Security)
2024-06-27 17:30:57 [main] INFO  com.dilizity.util.FnTraceWrap - com.core.dynamicDAL.MetaQueryManager.getInstance - Begin ()
2024-06-27 17:30:57 [main] INFO  com.core.util.FnTraceWrap - com.core.dynamicDAL.MetaQueryManager.getInstance - End - Execution Time: 2 ms
2024-06-27 17:31:22 [main] INFO  com.core.util.FnTraceWrap - com.core.dynamicDAL.DynamicDataLayer.<init> - End - Execution Time: 30186 ms
2024-06-27 17:31:23 [main] INFO  com.core.util.FnTraceWrap - com.core.dynamicDAL.DynamicDataLayer.<init> - Begin (Security)
2024-06-27 17:31:23 [main] INFO  com.core.util.FnTraceWrap - com.core.dynamicDAL.MetaQueryManager.getInstance - Begin ()
2024-06-27 17:31:23 [main] INFO  com.core.util.FnTraceWrap - com.core.dynamicDAL.MetaQueryManager.getInstance - End - Execution Time: 0 ms
2024-06-27 17:31:23 [main] INFO  com.core.util.FnTraceWrap - com.core.dynamicDAL.DynamicDataLayer.<init> - End - Execution Time: 0 ms
2024-06-27 17:33:23 [main] INFO  com.core.util.FnTraceWrap - com.core.dynamicDAL.MetaQueryManager.getInstance - Begin ()
2024-06-27 17:33:23 [main] INFO  com.core.util.FnTraceWrap - com.core.dynamicDAL.MetaQueryManager.getInstance - End - Execution Time: 5 ms
2024-06-27 17:33:23 [main] INFO  com.core.util.FnTraceWrap - com.core.dynamicDAL.MetaQueryManager.Load - Begin ()
2024-06-27 17:33:24 [main] INFO  com.core.util.FnTraceWrap - com.core.dynamicDAL.MetaQueryManager.Load - End - Execution Time: 373 ms
2024-06-27 17:33:27 [main] INFO  com.core.util.FnTraceWrap - com.core.dynamicDAL.DynamicDataLayer.<init> - Begin (Security)
2024-06-27 17:33:28 [main] INFO  com.core.util.FnTraceWrap - com.core.dynamicDAL.MetaQueryManager.getInstance - Begin ()
2024-06-27 17:33:28 [main] INFO  com.core.util.FnTraceWrap - com.core.dynamicDAL.MetaQueryManager.getInstance - End - Execution Time: 0 ms
2024-06-27 17:33:28 [main] INFO  com.core.util.FnTraceWrap - com.core.dynamicDAL.DynamicDataLayer.<init> - End - Execution Time: 10 ms
2024-06-27 17:33:29 [main] INFO  com.core.util.FnTraceWrap - com.core.dynamicDAL.DynamicDataLayer.ExecuteUsingKey - Begin ()
2024-06-27 17:33:50 [main] INFO  com.core.util.FnTraceWrap - com.core.dynamicDAL.DynamicDataLayer.ExecuteUsingKey - End - Execution Time: 21146 ms
2024-06-27 17:33:50 [main] INFO  com.core.util.FnTraceWrap - com.core.dynamicDAL.MetaQueryManager.getInstance - Begin ()
2024-06-27 17:33:50 [main] INFO  com.core.util.FnTraceWrap - com.core.dynamicDAL.MetaQueryManager.getInstance - End - Execution Time: 0 ms
2024-06-27 17:33:50 [main] INFO  com.core.util.FnTraceWrap - com.core.dynamicDAL.MetaQueryManager.Load - Begin ()
2024-06-27 17:33:50 [main] INFO  com.core.util.FnTraceWrap - com.core.dynamicDAL.MetaQueryManager.Load - End - Execution Time: 1 ms
2024-06-27 17:33:55 [main] INFO  com.core.util.FnTraceWrap - com.core.dynamicDAL.DynamicDataLayer.<init> - Begin (Security)
2024-06-27 17:33:55 [main] INFO  com.core.util.FnTraceWrap - com.core.dynamicDAL.MetaQueryManager.getInstance - Begin ()
2024-06-27 17:33:55 [main] INFO  com.core.util.FnTraceWrap - com.core.dynamicDAL.MetaQueryManager.getInstance - End - Execution Time: 0 ms
2024-06-27 17:33:55 [main] INFO  com.core.util.FnTraceWrap - com.core.dynamicDAL.DynamicDataLayer.<init> - End - Execution Time: 1 ms
2024-06-27 17:33:58 [main] INFO  com.core.util.FnTraceWrap - com.core.dynamicDAL.DynamicDataLayer.<init> - Begin (Security)
2024-06-27 17:33:58 [main] INFO  com.core.util.FnTraceWrap - com.core.dynamicDAL.MetaQueryManager.getInstance - Begin ()
2024-06-27 17:33:58 [main] INFO  com.core.util.FnTraceWrap - com.core.dynamicDAL.MetaQueryManager.getInstance - End - Execution Time: 0 ms
2024-06-27 17:33:58 [main] INFO  com.core.util.FnTraceWrap - com.core.dynamicDAL.DynamicDataLayer.<init> - End - Execution Time: 0 ms
2024-06-27 17:34:33 [main] INFO  com.core.util.FnTraceWrap - com.core.dynamicDAL.MetaQueryManager.getInstance - Begin ()
2024-06-27 17:34:33 [main] INFO  com.core.util.FnTraceWrap - com.core.dynamicDAL.MetaQueryManager.getInstance - End - Execution Time: 8 ms
2024-06-27 17:34:33 [main] INFO  com.core.util.FnTraceWrap - com.core.dynamicDAL.MetaQueryManager.Load - Begin ()
2024-06-27 17:34:33 [main] INFO  com.core.util.FnTraceWrap - com.core.dynamicDAL.MetaQueryManager.Load - End - Execution Time: 166 ms
2024-06-27 17:34:36 [main] INFO  com.core.util.FnTraceWrap - com.core.dynamicDAL.DynamicDataLayer.<init> - Begin (Security)
2024-06-27 17:34:36 [main] INFO  com.core.util.FnTraceWrap - com.core.dynamicDAL.MetaQueryManager.getInstance - Begin ()
2024-06-27 17:34:36 [main] INFO  com.core.util.FnTraceWrap - com.core.dynamicDAL.MetaQueryManager.getInstance - End - Execution Time: 0 ms
2024-06-27 17:34:36 [main] INFO  com.core.util.FnTraceWrap - com.core.dynamicDAL.DynamicDataLayer.<init> - End - Execution Time: 10 ms
2024-06-27 17:34:40 [main] INFO  com.core.util.FnTraceWrap - com.core.dynamicDAL.DynamicDataLayer.ExecuteUsingKey - Begin ()
2024-06-27 17:34:41 [main] INFO  com.core.util.FnTraceWrap - com.core.dynamicDAL.DynamicDataLayer.ExecuteUsingKey - End - Execution Time: 1079 ms
2024-06-27 17:34:41 [main] INFO  com.core.util.FnTraceWrap - com.core.dynamicDAL.MetaQueryManager.getInstance - Begin ()
2024-06-27 17:34:41 [main] INFO  com.core.util.FnTraceWrap - com.core.dynamicDAL.MetaQueryManager.getInstance - End - Execution Time: 0 ms
2024-06-27 17:34:41 [main] INFO  com.core.util.FnTraceWrap - com.dilizity.dynamicDAL.MetaQueryManager.Load - Begin ()
2024-06-27 17:34:41 [main] INFO  com.core.util.FnTraceWrap - com.core.dynamicDAL.MetaQueryManager.Load - End - Execution Time: 0 ms
2024-06-27 17:34:41 [main] INFO  com.core.util.FnTraceWrap - com.core.dynamicDAL.DynamicDataLayer.<init> - Begin (Security)
2024-06-27 17:34:41 [main] INFO  com.core.util.FnTraceWrap - com.core.dynamicDAL.MetaQueryManager.getInstance - Begin ()
2024-06-27 17:34:41 [main] INFO  com.core.util.FnTraceWrap - com.core.dynamicDAL.MetaQueryManager.getInstance - End - Execution Time: 0 ms
2024-06-27 17:34:41 [main] INFO  com.core.util.FnTraceWrap - com.core.dynamicDAL.DynamicDataLayer.<init> - End - Execution Time: 0 ms
2024-06-27 17:34:52 [main] INFO  com.core.util.FnTraceWrap - com.core.dynamicDAL.DynamicDataLayer.<init> - Begin (Security)
2024-06-27 17:34:54 [main] INFO  com.core.util.FnTraceWrap - com.core.dynamicDAL.MetaQueryManager.getInstance - Begin ()
2024-06-27 17:34:54 [main] INFO  com.core.util.FnTraceWrap - com.core.dynamicDAL.MetaQueryManager.getInstance - End - Execution Time: 1 ms
2024-06-27 17:35:01 [main] INFO  com.core.util.FnTraceWrap - com.core.dynamicDAL.DynamicDataLayer.<init> - End - Execution Time: 9127 ms
2024-06-27 17:41:04 [main] INFO  com.core.util.FnTraceWrap - com.core.dynamicDAL.MetaQueryManager.getInstance - Begin ()
2024-06-27 17:41:04 [main] INFO  com.core.util.FnTraceWrap - com.core.dynamicDAL.MetaQueryManager.getInstance - End - Execution Time: 4 ms
2024-06-27 17:41:04 [main] INFO  com.core.util.FnTraceWrap - com.core.dynamicDAL.MetaQueryManager.Load - Begin ()
2024-06-27 17:41:04 [main] INFO  com.core.util.FnTraceWrap - com.dilizity.dynamicDAL.MetaQueryManager.Load - End - Execution Time: 164 ms
2024-06-27 17:41:04 [main] INFO  com.core.util.FnTraceWrap - com.core.dynamicDAL.DynamicDataLayer.<init> - Begin (Security)
2024-06-27 17:41:04 [main] INFO  com.core.util.FnTraceWrap - com.core.dynamicDAL.MetaQueryManager.getInstance - Begin ()
2024-06-27 17:41:04 [main] INFO  com.core.util.FnTraceWrap - com.core.dynamicDAL.MetaQueryManager.getInstance - End - Execution Time: 0 ms
2024-06-27 17:41:04 [main] INFO  com.core.util.FnTraceWrap - com.core.dynamicDAL.DynamicDataLayer.<init> - End - Execution Time: 5 ms
2024-06-27 17:41:04 [main] INFO  com.core.util.FnTraceWrap - com.core.dynamicDAL.DynamicDataLayer.ExecuteUsingKey - Begin ()
2024-06-27 17:41:05 [main] INFO  com.core.util.FnTraceWrap - com.core.dynamicDAL.DynamicDataLayer.ExecuteUsingKey - End - Execution Time: 1075 ms
2024-06-27 17:41:05 [main] INFO  com.core.util.FnTraceWrap - com.core.dynamicDAL.MetaQueryManager.getInstance - Begin ()
2024-06-27 17:41:05 [main] INFO  com.core.util.FnTraceWrap - com.core.dynamicDAL.MetaQueryManager.getInstance - End - Execution Time: 0 ms
2024-06-27 17:41:05 [main] INFO  com.core.util.FnTraceWrap - com.core.dynamicDAL.MetaQueryManager.Load - Begin ()
2024-06-27 17:41:05 [main] INFO  com.core.util.FnTraceWrap - com.core.dynamicDAL.MetaQueryManager.Load - End - Execution Time: 0 ms
2024-06-27 17:41:05 [main] INFO  com.core.util.FnTraceWrap - com.core.dynamicDAL.DynamicDataLayer.<init> - Begin (Security)
2024-06-27 17:41:05 [main] INFO  com.core.util.FnTraceWrap - com.core.dynamicDAL.MetaQueryManager.getInstance - Begin ()
2024-06-27 17:41:05 [main] INFO  com.core.util.FnTraceWrap - com.core.dynamicDAL.MetaQueryManager.getInstance - End - Execution Time: 0 ms
2024-06-27 17:41:05 [main] INFO  com.core.util.FnTraceWrap - com.core.dynamicDAL.DynamicDataLayer.<init> - End - Execution Time: 0 ms
2024-06-27 17:41:05 [main] INFO  com.core.util.FnTraceWrap - com.core.dynamicDAL.DynamicDataLayer.<init> - Begin (Security)
2024-06-27 17:41:05 [main] INFO  com.core.util.FnTraceWrap - com.core.dynamicDAL.MetaQueryManager.getInstance - Begin ()
2024-06-27 17:41:05 [main] INFO  com.core.util.FnTraceWrap - com.core.dynamicDAL.MetaQueryManager.getInstance - End - Execution Time: 1 ms
2024-06-27 17:41:05 [main] INFO  com.core.util.FnTraceWrap - com.core.dynamicDAL.DynamicDataLayer.<init> - End - Execution Time: 1 ms
2024-06-27 17:41:34 [main] INFO  com.core.util.FnTraceWrap - com.core.dynamicDAL.MetaQueryManager.getInstance - Begin ()
2024-06-27 17:41:34 [main] INFO  com.core.util.FnTraceWrap - com.core.dynamicDAL.MetaQueryManager.getInstance - End - Execution Time: 5 ms
2024-06-27 17:41:34 [main] INFO  com.core.util.FnTraceWrap - com.core.dynamicDAL.MetaQueryManager.Load - Begin ()
2024-06-27 17:41:34 [main] INFO  com.core.util.FnTraceWrap - com.core.dynamicDAL.MetaQueryManager.Load - End - Execution Time: 166 ms
2024-06-27 17:41:34 [main] INFO  com.core.util.FnTraceWrap - com.core.dynamicDAL.DynamicDataLayer.<init> - Begin (Security)
2024-06-27 17:41:34 [main] INFO  com.core.util.FnTraceWrap - com.core.dynamicDAL.MetaQueryManager.getInstance - Begin ()
2024-06-27 17:41:34 [main] INFO  com.core.util.FnTraceWrap - com.core.dynamicDAL.MetaQueryManager.getInstance - End - Execution Time: 0 ms
2024-06-27 17:41:34 [main] INFO  com.core.util.FnTraceWrap - com.core.dynamicDAL.DynamicDataLayer.<init> - End - Execution Time: 6 ms
2024-06-27 17:41:44 [main] INFO  com.core.util.FnTraceWrap - com.core.dynamicDAL.DynamicDataLayer.ExecuteUsingKey - Begin ()
2024-06-27 17:41:54 [main] INFO  com.core.util.FnTraceWrap - com.core.dynamicDAL.DynamicDataLayer.ExecuteUsingKey - End - Execution Time: 10212 ms
2024-06-27 17:42:11 [main] INFO  com.core.util.FnTraceWrap - com.core.dynamicDAL.MetaQueryManager.getInstance - Begin ()
2024-06-27 17:42:11 [main] INFO  com.core.util.FnTraceWrap - com.core.dynamicDAL.MetaQueryManager.getInstance - End - Execution Time: 0 ms
2024-06-27 17:42:11 [main] INFO  com.core.util.FnTraceWrap - com.core.dynamicDAL.MetaQueryManager.Load - Begin ()
2024-06-27 17:42:11 [main] INFO  com.core.util.FnTraceWrap - com.core.dynamicDAL.MetaQueryManager.Load - End - Execution Time: 0 ms
2024-06-27 17:42:11 [main] INFO  com.core.util.FnTraceWrap - com.core.dynamicDAL.DynamicDataLayer.<init> - Begin (Security)
2024-06-27 17:42:11 [main] INFO  com.core.util.FnTraceWrap - com.core.dynamicDAL.MetaQueryManager.getInstance - Begin ()
2024-06-27 17:42:11 [main] INFO  com.core.util.FnTraceWrap - com.core.dynamicDAL.MetaQueryManager.getInstance - End - Execution Time: 0 ms
2024-06-27 17:42:11 [main] INFO  com.core.util.FnTraceWrap - com.core.dynamicDAL.DynamicDataLayer.<init> - End - Execution Time: 1 ms
2024-06-27 17:42:11 [main] INFO  com.core.util.FnTraceWrap - com.core.dynamicDAL.DynamicDataLayer.<init> - Begin (Security)
2024-06-27 17:42:11 [main] INFO  com.core.util.FnTraceWrap - com.core.dynamicDAL.MetaQueryManager.getInstance - Begin ()
2024-06-27 17:42:11 [main] INFO  com.core.util.FnTraceWrap - com.dilizity.dynamicDAL.MetaQueryManager.getInstance - End - Execution Time: 0 ms
2024-06-27 17:42:11 [main] INFO  com.core.util.FnTraceWrap - com.core.dynamicDAL.DynamicDataLayer.<init> - End - Execution Time: 0 ms
2024-06-27 17:42:16 [main] INFO  com.core.util.FnTraceWrap - com.core.dynamicDAL.MetaQueryManager.getInstance - Begin ()
2024-06-27 17:42:16 [main] INFO  com.core.util.FnTraceWrap - com.core.dynamicDAL.MetaQueryManager.getInstance - End - Execution Time: 4 ms
2024-06-27 17:42:16 [main] INFO  com.core.util.FnTraceWrap - com.core.dynamicDAL.MetaQueryManager.Load - Begin ()
2024-06-27 17:42:16 [main] INFO  com.core.util.FnTraceWrap - com.core.dynamicDAL.MetaQueryManager.Load - End - Execution Time: 146 ms
2024-06-27 17:42:16 [main] INFO  com.core.util.FnTraceWrap - com.core.dynamicDAL.DynamicDataLayer.<init> - Begin (Security)
2024-06-27 17:42:16 [main] INFO  com.core.util.FnTraceWrap - com.core.dynamicDAL.MetaQueryManager.getInstance - Begin ()
2024-06-27 17:42:16 [main] INFO  com.core.util.FnTraceWrap - com.core.dynamicDAL.MetaQueryManager.getInstance - End - Execution Time: 0 ms
2024-06-27 17:42:16 [main] INFO  com.core.util.FnTraceWrap - com.core.dynamicDAL.DynamicDataLayer.<init> - End - Execution Time: 7 ms
2024-06-27 17:42:16 [main] INFO  com.core.util.FnTraceWrap - com.core.dynamicDAL.DynamicDataLayer.ExecuteUsingKey - Begin ()
2024-06-27 17:42:17 [main] INFO  com.core.util.FnTraceWrap - com.core.dynamicDAL.DynamicDataLayer.ExecuteUsingKey - End - Execution Time: 1012 ms
2024-06-27 17:42:17 [main] INFO  com.core.util.FnTraceWrap - com.core.dynamicDAL.MetaQueryManager.getInstance - Begin ()
2024-06-27 17:42:17 [main] INFO  com.core.util.FnTraceWrap - com.core.dynamicDAL.MetaQueryManager.getInstance - End - Execution Time: 1 ms
2024-06-27 17:42:17 [main] INFO  com.core.util.FnTraceWrap - com.core.dynamicDAL.MetaQueryManager.Load - Begin ()
2024-06-27 17:42:17 [main] INFO  com.core.util.FnTraceWrap - com.core.dynamicDAL.MetaQueryManager.Load - End - Execution Time: 0 ms
2024-06-27 17:42:17 [main] INFO  com.core.util.FnTraceWrap - com.core.dynamicDAL.DynamicDataLayer.<init> - Begin (Security)
2024-06-27 17:42:17 [main] INFO  com.core.util.FnTraceWrap - com.core.dynamicDAL.MetaQueryManager.getInstance - Begin ()
2024-06-27 17:42:17 [main] INFO  com.core.util.FnTraceWrap - com.core.dynamicDAL.MetaQueryManager.getInstance - End - Execution Time: 0 ms
2024-06-27 17:42:17 [main] INFO  com.core.util.FnTraceWrap - com.core.dynamicDAL.DynamicDataLayer.<init> - End - Execution Time: 1 ms
2024-06-27 17:42:17 [main] INFO  com.core.util.FnTraceWrap - com.core.dynamicDAL.DynamicDataLayer.<init> - Begin (Security)
2024-06-27 17:42:17 [main] INFO  com.core.util.FnTraceWrap - com.core.dynamicDAL.MetaQueryManager.getInstance - Begin ()
2024-06-27 17:42:17 [main] INFO  com.core.util.FnTraceWrap - com.core.dynamicDAL.MetaQueryManager.getInstance - End - Execution Time: 0 ms
2024-06-27 17:42:17 [main] INFO  com.core.util.FnTraceWrap - com.core.dynamicDAL.DynamicDataLayer.<init> - End - Execution Time: 0 ms
2024-06-27 18:01:19 [main] INFO  com.core.util.FnTraceWrap - com.core.dynamicDAL.MetaQueryManager.getInstance - Begin ()
2024-06-27 18:01:19 [main] INFO  com.core.util.FnTraceWrap - com.core.dynamicDAL.MetaQueryManager.getInstance - End - Execution Time: 6 ms
2024-06-27 18:01:19 [main] INFO  com.core.util.FnTraceWrap - com.core.dynamicDAL.MetaQueryManager.Load - Begin ()
2024-06-27 18:01:19 [main] INFO  com.core.util.FnTraceWrap - com.core.dynamicDAL.MetaQueryManager.Load - End - Execution Time: 169 ms
2024-06-27 18:01:19 [main] INFO  com.core.util.FnTraceWrap - com.core.dynamicDAL.DynamicDataLayer.<init> - Begin (Security)
2024-06-27 18:01:19 [main] INFO  com.core.util.FnTraceWrap - com.core.dynamicDAL.MetaQueryManager.getInstance - Begin ()
2024-06-27 18:01:19 [main] INFO  com.core.util.FnTraceWrap - com.core.dynamicDAL.MetaQueryManager.getInstance - End - Execution Time: 0 ms
2024-06-27 18:01:19 [main] INFO  com.core.util.FnTraceWrap - com.core.dynamicDAL.DynamicDataLayer.<init> - End - Execution Time: 6 ms
2024-06-27 18:01:22 [main] INFO  com.core.util.FnTraceWrap - com.core.dynamicDAL.DynamicDataLayer.ExecuteUsingKey - Begin ()
2024-06-27 18:01:23 [main] INFO  com.core.util.FnTraceWrap - com.core.dynamicDAL.DynamicDataLayer.ExecuteUsingKey - End - Execution Time: 1076 ms
2024-06-27 18:01:23 [main] INFO  com.core.util.FnTraceWrap - com.core.dynamicDAL.MetaQueryManager.getInstance - Begin ()
2024-06-27 18:01:23 [main] INFO  com.core.util.FnTraceWrap - com.core.dynamicDAL.MetaQueryManager.getInstance - End - Execution Time: 0 ms
2024-06-27 18:01:23 [main] INFO  com.core.util.FnTraceWrap - com.core.dynamicDAL.MetaQueryManager.Load - Begin ()
2024-06-27 18:01:23 [main] INFO  com.core.util.FnTraceWrap - com.core.dynamicDAL.MetaQueryManager.Load - End - Execution Time: 1 ms
2024-06-27 18:01:23 [main] INFO  com.core.util.FnTraceWrap - com.core.dynamicDAL.DynamicDataLayer.<init> - Begin (Security)
2024-06-27 18:01:23 [main] INFO  com.core.util.FnTraceWrap - com.core.dynamicDAL.MetaQueryManager.getInstance - Begin ()
2024-06-27 18:01:23 [main] INFO  com.core.util.FnTraceWrap - com.core.dynamicDAL.MetaQueryManager.getInstance - End - Execution Time: 0 ms
2024-06-27 18:01:23 [main] INFO  com.core.util.FnTraceWrap - com.core.dynamicDAL.DynamicDataLayer.<init> - End - Execution Time: 0 ms
2024-06-27 18:01:23 [main] INFO  com.core.util.FnTraceWrap - com.core.dynamicDAL.DynamicDataLayer.<init> - Begin (Security)
2024-06-27 18:01:23 [main] INFO  com.core.util.FnTraceWrap - com.core.dynamicDAL.MetaQueryManager.getInstance - Begin ()
2024-06-27 18:01:23 [main] INFO  com.core.util.FnTraceWrap - com.core.dynamicDAL.MetaQueryManager.getInstance - End - Execution Time: 1 ms
2024-06-27 18:01:23 [main] INFO  com.core.util.FnTraceWrap - com.core.dynamicDAL.DynamicDataLayer.<init> - End - Execution Time: 1 ms
2024-06-27 18:06:14 [main] INFO  com.core.util.FnTraceWrap - com.core.dynamicDAL.MetaQueryManager.getInstance - Begin ()
2024-06-27 18:06:14 [main] INFO  com.core.util.FnTraceWrap - com.core.dynamicDAL.MetaQueryManager.getInstance - End - Execution Time: 4 ms
2024-06-27 18:06:14 [main] INFO  com.core.util.FnTraceWrap - com.core.dynamicDAL.MetaQueryManager.Load - Begin ()
2024-06-27 18:06:14 [main] INFO  com.core.util.FnTraceWrap - com.core.dynamicDAL.MetaQueryManager.Load - End - Execution Time: 139 ms
2024-06-27 18:06:14 [main] INFO  com.core.util.FnTraceWrap - com.core.dynamicDAL.MetaQueryManager.getInstance - Begin ()
2024-06-27 18:06:14 [main] INFO  com.core.util.FnTraceWrap - com.core.dynamicDAL.MetaQueryManager.getInstance - End - Execution Time: 1 ms
2024-06-27 18:06:14 [main] INFO  com.core.util.FnTraceWrap - com.core.dynamicDAL.MetaQueryManager.Load - Begin ()
2024-06-27 18:06:14 [main] INFO  com.core.util.FnTraceWrap - com.core.dynamicDAL.MetaQueryManager.Load - End - Execution Time: 0 ms
2024-06-27 18:06:14 [main] INFO  com.core.util.FnTraceWrap - com.core.dynamicDAL.MetaQueryManager.getInstance - Begin ()
2024-06-27 18:06:14 [main] INFO  com.core.util.FnTraceWrap - com.core.dynamicDAL.MetaQueryManager.getInstance - End - Execution Time: 0 ms
2024-06-27 18:06:14 [main] INFO  com.core.util.FnTraceWrap - com.core.dynamicDAL.MetaQueryManager.Load - Begin ()
2024-06-27 18:06:14 [main] INFO  com.core.util.FnTraceWrap - com.core.dynamicDAL.MetaQueryManager.Load - End - Execution Time: 3 ms
2024-06-27 18:06:14 [main] INFO  com.core.util.FnTraceWrap - com.core.dynamicDAL.DynamicDataLayer.<init> - Begin (Security)
2024-06-27 18:06:14 [main] INFO  com.core.util.FnTraceWrap - com.core.dynamicDAL.MetaQueryManager.getInstance - Begin ()
2024-06-27 18:06:14 [main] INFO  com.core.util.FnTraceWrap - com.core.dynamicDAL.MetaQueryManager.getInstance - End - Execution Time: 0 ms
2024-06-27 18:06:14 [main] INFO  com.core.util.FnTraceWrap - com.core.dynamicDAL.DynamicDataLayer.<init> - End - Execution Time: 6 ms
2024-06-27 18:06:14 [main] INFO  com.core.util.FnTraceWrap - com.core.dynamicDAL.DynamicDataLayer.ExecuteUsingKey - Begin ()
2024-06-27 18:06:15 [main] INFO  com.core.util.FnTraceWrap - com.core.dynamicDAL.DynamicDataLayer.ExecuteUsingKey - End - Execution Time: 996 ms
2024-06-27 18:06:15 [main] INFO  com.core.util.FnTraceWrap - com.core.dynamicDAL.MetaQueryManager.getInstance - Begin ()
2024-06-27 18:06:15 [main] INFO  com.core.util.FnTraceWrap - com.core.dynamicDAL.MetaQueryManager.getInstance - End - Execution Time: 0 ms
2024-06-27 18:06:15 [main] INFO  com.core.util.FnTraceWrap - com.core.dynamicDAL.MetaQueryManager.Load - Begin ()
2024-06-27 18:06:15 [main] INFO  com.core.util.FnTraceWrap - com.core.dynamicDAL.MetaQueryManager.Load - End - Execution Time: 1 ms
2024-06-27 18:06:15 [main] INFO  com.core.util.FnTraceWrap - com.core.dynamicDAL.DynamicDataLayer.<init> - Begin (Security)
2024-06-27 18:06:15 [main] INFO  com.core.util.FnTraceWrap - com.core.dynamicDAL.MetaQueryManager.getInstance - Begin ()
2024-06-27 18:06:15 [main] INFO  com.core.util.FnTraceWrap - com.core.dynamicDAL.MetaQueryManager.getInstance - End - Execution Time: 0 ms
2024-06-27 18:06:15 [main] INFO  com.core.util.FnTraceWrap - com.core.dynamicDAL.DynamicDataLayer.<init> - End - Execution Time: 0 ms
2024-06-27 18:06:15 [main] INFO  com.core.util.FnTraceWrap - com.core.dynamicDAL.DynamicDataLayer.<init> - Begin (Security)
2024-06-27 18:06:15 [main] INFO  com.core.util.FnTraceWrap - com.core.dynamicDAL.MetaQueryManager.getInstance - Begin ()
2024-06-27 18:06:15 [main] INFO  com.core.util.FnTraceWrap - com.core.dynamicDAL.MetaQueryManager.getInstance - End - Execution Time: 0 ms
2024-06-27 18:06:15 [main] INFO  com.core.util.FnTraceWrap - com.core.dynamicDAL.DynamicDataLayer.<init> - End - Execution Time: 1 ms
