[MASTER] 16:21:19.208 [pool-2-thread-1] ERROR TestCluster - Failed to check cache for java.util.AbstractMap<K, V>.SimpleEntry<K, V> : Type points to itself
[MASTER] 16:21:19.214 [pool-2-thread-1] ERROR TestCluster - Failed to check cache for java.util.AbstractMap<K, V>.SimpleImmutableEntry<K, V> : Type points to itself
[MASTER] 16:21:19.225 [pool-2-thread-1] ERROR TestCluster - Failed to check cache for java.util.Map<K, V>.Entry<K, V> : Type points to itself
[MASTER] 16:21:20.418 [pool-2-thread-1] ERROR TestCluster - Failed to check cache for java.util.function.Function<T, R> : Type points to itself
[MASTER] 16:21:57.114 [Thread-4] ERROR ClientNodeImpl - Cannot inform master of change of state
java.rmi.ServerException: RemoteException occurred in server thread; nested exception is: 
	java.rmi.UnmarshalException: error unmarshalling arguments; nested exception is: 
	java.io.OptionalDataException
	at sun.rmi.server.UnicastServerRef.dispatch(UnicastServerRef.java:389)
	at sun.rmi.transport.Transport$1.run(Transport.java:200)
	at sun.rmi.transport.Transport$1.run(Transport.java:197)
	at java.security.AccessController.doPrivileged(Native Method)
	at sun.rmi.transport.Transport.serviceCall(Transport.java:196)
	at sun.rmi.transport.tcp.TCPTransport.handleMessages(TCPTransport.java:573)
	at sun.rmi.transport.tcp.TCPTransport$ConnectionHandler.run0(TCPTransport.java:834)
	at sun.rmi.transport.tcp.TCPTransport$ConnectionHandler.lambda$run$0(TCPTransport.java:688)
	at java.security.AccessController.doPrivileged(Native Method)
	at sun.rmi.transport.tcp.TCPTransport$ConnectionHandler.run(TCPTransport.java:687)
	at java.util.concurrent.ThreadPoolExecutor.runWorker(ThreadPoolExecutor.java:1149)
	at java.util.concurrent.ThreadPoolExecutor$Worker.run(ThreadPoolExecutor.java:624)
	at java.lang.Thread.run(Thread.java:748)
	at sun.rmi.transport.StreamRemoteCall.exceptionReceivedFromServer(StreamRemoteCall.java:303)
	at sun.rmi.transport.StreamRemoteCall.executeCall(StreamRemoteCall.java:279)
	at sun.rmi.server.UnicastRef.invoke(UnicastRef.java:163)
	at java.rmi.server.RemoteObjectInvocationHandler.invokeRemoteMethod(RemoteObjectInvocationHandler.java:235)
	at java.rmi.server.RemoteObjectInvocationHandler.invoke(RemoteObjectInvocationHandler.java:180)
	at com.sun.proxy.$Proxy7.evosuite_collectStatistics(Unknown Source)
	at org.evosuite.rmi.service.ClientNodeImpl.updateStatistics(ClientNodeImpl.java:237)
	at org.evosuite.statistics.StatisticsSender.sendIndividualToMaster(StatisticsSender.java:68)
	at org.evosuite.statistics.StatisticsListener$1.run(StatisticsListener.java:71)
Caused by: java.rmi.UnmarshalException: error unmarshalling arguments; nested exception is: 
	java.io.OptionalDataException
	at sun.rmi.server.UnicastServerRef.dispatch(UnicastServerRef.java:348)
	at sun.rmi.transport.Transport$1.run(Transport.java:200)
	at sun.rmi.transport.Transport$1.run(Transport.java:197)
	at java.security.AccessController.doPrivileged(Native Method)
	at sun.rmi.transport.Transport.serviceCall(Transport.java:196)
	at sun.rmi.transport.tcp.TCPTransport.handleMessages(TCPTransport.java:573)
	at sun.rmi.transport.tcp.TCPTransport$ConnectionHandler.run0(TCPTransport.java:834)
	at sun.rmi.transport.tcp.TCPTransport$ConnectionHandler.lambda$run$0(TCPTransport.java:688)
	at java.security.AccessController.doPrivileged(Native Method)
	at sun.rmi.transport.tcp.TCPTransport$ConnectionHandler.run(TCPTransport.java:687)
	at java.util.concurrent.ThreadPoolExecutor.runWorker(ThreadPoolExecutor.java:1149)
	at java.util.concurrent.ThreadPoolExecutor$Worker.run(ThreadPoolExecutor.java:624)
	at java.lang.Thread.run(Thread.java:748)
Caused by: java.io.OptionalDataException: null
	at java.io.ObjectInputStream.readObject0(ObjectInputStream.java:1713)
	at java.io.ObjectInputStream.readObject(ObjectInputStream.java:508)
	at java.io.ObjectInputStream.readObject(ObjectInputStream.java:466)
	at java.util.HashMap.readObject(HashMap.java:1417)
	at sun.reflect.GeneratedMethodAccessor7.invoke(Unknown Source)
	at sun.reflect.DelegatingMethodAccessorImpl.invoke(DelegatingMethodAccessorImpl.java:43)
	at java.lang.reflect.Method.invoke(Method.java:498)
	at java.io.ObjectStreamClass.invokeReadObject(ObjectStreamClass.java:1185)
	at java.io.ObjectInputStream.readSerialData(ObjectInputStream.java:2319)
	at java.io.ObjectInputStream.readOrdinaryObject(ObjectInputStream.java:2210)
	at java.io.ObjectInputStream.readObject0(ObjectInputStream.java:1690)
	at java.io.ObjectInputStream.defaultReadFields(ObjectInputStream.java:2428)
	at java.io.ObjectInputStream.readSerialData(ObjectInputStream.java:2352)
	at java.io.ObjectInputStream.readOrdinaryObject(ObjectInputStream.java:2210)
	at java.io.ObjectInputStream.readObject0(ObjectInputStream.java:1690)
	at java.io.ObjectInputStream.readObject(ObjectInputStream.java:508)
	at java.io.ObjectInputStream.readObject(ObjectInputStream.java:466)
	at java.util.HashMap.readObject(HashMap.java:1417)
	at sun.reflect.GeneratedMethodAccessor7.invoke(Unknown Source)
	at sun.reflect.DelegatingMethodAccessorImpl.invoke(DelegatingMethodAccessorImpl.java:43)
	at java.lang.reflect.Method.invoke(Method.java:498)
	at java.io.ObjectStreamClass.invokeReadObject(ObjectStreamClass.java:1185)
	at java.io.ObjectInputStream.readSerialData(ObjectInputStream.java:2319)
	at java.io.ObjectInputStream.readOrdinaryObject(ObjectInputStream.java:2210)
	at java.io.ObjectInputStream.readObject0(ObjectInputStream.java:1690)
	at java.io.ObjectInputStream.defaultReadFields(ObjectInputStream.java:2428)
	at java.io.ObjectInputStream.readSerialData(ObjectInputStream.java:2352)
	at java.io.ObjectInputStream.readOrdinaryObject(ObjectInputStream.java:2210)
	at java.io.ObjectInputStream.readObject0(ObjectInputStream.java:1690)
	at java.io.ObjectInputStream.readObject(ObjectInputStream.java:508)
	at java.io.ObjectInputStream.readObject(ObjectInputStream.java:466)
	at sun.rmi.server.UnicastRef.unmarshalValue(UnicastRef.java:326)
	at sun.rmi.server.UnicastServerRef.unmarshalParametersUnchecked(UnicastServerRef.java:629)
	at sun.rmi.server.UnicastServerRef.unmarshalParameters(UnicastServerRef.java:617)
	at sun.rmi.server.UnicastServerRef.dispatch(UnicastServerRef.java:338)
	... 12 common frames omitted
